11/5/2012 12:47:22 PM  ZIP Reader Version 12.50.0008 Build 1017
11/5/2012 12:47:22 PM  Extracting: D:\CTNA\CCMS\docs\CCMS Doc\CCMS_Doc.zip
11/5/2012 12:47:22 PM  Extracting D:\CTNA\CCMS\docs\CCMS Doc\CCMS_Doc\CCMS_Doc
11/5/2012 12:47:22 PM  Extracting D:\CTNA\CCMS\docs\CCMS Doc\CCMS_Doc\CCMS_Doc\CCMS_Clearing_reports
11/5/2012 12:47:22 PM  Extracting D:\CTNA\CCMS\docs\CCMS Doc\CCMS_Doc\CCMS_Doc\CCMS_Clearing_reports\01.JPG
11/5/2012 12:47:36 PM  Extracting D:\CTNA\CCMS\docs\CCMS Doc\CCMS_Doc\CCMS_Doc\CCMS_Clearing_reports\02.JPG
11/5/2012 12:47:36 PM  Extracting D:\CTNA\CCMS\docs\CCMS Doc\CCMS_Doc\CCMS_Doc\CCMS_Clearing_reports\03.JPG
11/5/2012 12:47:36 PM  Extracting D:\CTNA\CCMS\docs\CCMS Doc\CCMS_Doc\CCMS_Doc\CCMS_Clearing_reports\04.JPG
11/5/2012 12:47:36 PM  Extracting D:\CTNA\CCMS\docs\CCMS Doc\CCMS_Doc\CCMS_Doc\CCMS_Clearing_reports\05.JPG
11/5/2012 12:47:36 PM  Extracting D:\CTNA\CCMS\docs\CCMS Doc\CCMS_Doc\CCMS_Doc\CCMS_Clearing_reports\06.JPG
11/5/2012 12:47:36 PM  Extracting D:\CTNA\CCMS\docs\CCMS Doc\CCMS_Doc\CCMS_Doc\CCMS_Clearing_reports\07.JPG
11/5/2012 12:47:36 PM  Extracting D:\CTNA\CCMS\docs\CCMS Doc\CCMS_Doc\CCMS_Doc\CCMS_Clearing_reports\08.JPG
11/5/2012 12:47:36 PM  Extracting D:\CTNA\CCMS\docs\CCMS Doc\CCMS_Doc\CCMS_Doc\CCMS_Clearing_reports\09.JPG
11/5/2012 12:47:36 PM  Extracting D:\CTNA\CCMS\docs\CCMS Doc\CCMS_Doc\CCMS_Doc\CCMS_Clearing_reports\10.JPG
11/5/2012 12:47:36 PM  Extracting D:\CTNA\CCMS\docs\CCMS Doc\CCMS_Doc\CCMS_Doc\CCMS_Clearing_reports\11.JPG
11/5/2012 12:47:36 PM  Extracting D:\CTNA\CCMS\docs\CCMS Doc\CCMS_Doc\CCMS_Doc\CCMS_Clearing_reports\CCMS Subsystem BRD.doc
11/5/2012 12:47:36 PM  Extracting D:\CTNA\CCMS\docs\CCMS Doc\CCMS_Doc\CCMS_Doc\EERS
11/5/2012 12:47:36 PM  Extracting D:\CTNA\CCMS\docs\CCMS Doc\CCMS_Doc\CCMS_Doc\EERS\Application_Integration_Guide.doc
11/5/2012 12:47:36 PM  Extracting D:\CTNA\CCMS\docs\CCMS Doc\CCMS_Doc\CCMS_Doc\EERS\Automated Notifications - File Formats.doc
11/5/2012 12:47:36 PM  Extracting D:\CTNA\CCMS\docs\CCMS Doc\CCMS_Doc\CCMS_Doc\EERS\Automated_Provisioning-Deprovisioning_Integration_Guide.doc
11/5/2012 12:47:36 PM  Extracting D:\CTNA\CCMS\docs\CCMS Doc\CCMS_Doc\CCMS_Doc\Process Logic
11/5/2012 12:47:36 PM  Extracting D:\CTNA\CCMS\docs\CCMS Doc\CCMS_Doc\CCMS_Doc\Process Logic\Booking Logic.docx
11/5/2012 12:47:36 PM  Extracting D:\CTNA\CCMS\docs\CCMS Doc\CCMS_Doc\CCMS_Doc\Process Logic\FrmRevlOutstandView.doc
11/5/2012 12:47:36 PM  Extracting D:\CTNA\CCMS\docs\CCMS Doc\CCMS_Doc\CCMS_Doc\Process Logic\Reminder_Normal collection funding.doc
11/5/2012 12:47:36 PM  Extracting D:\CTNA\CCMS\docs\CCMS Doc\CCMS_Doc\CCMS_Doc\Process Logic\Reversal Logic.doc
